<?xml version="1.0" encoding="UTF-8"?>
<!-- Generated by org.testng.reporters.JUnitXMLReporter -->
<testsuite ignored="0" hostname="kannu" failures="0" tests="4" name="TestG" time="0.18" errors="0" timestamp="2023-07-18T14:32:01 IST">
  <testcase classname="demo.TestngGrouping" name="test1" time="0.027"/>
  <testcase classname="demo.TestngGrouping" name="test2" time="0.005"/>
  <testcase classname="demo.TestngGrouping" name="test3" time="0.003"/>
  <testcase classname="demo.TestngGrouping" name="test4" time="0.003"/>
</testsuite> <!-- TestG -->
