<?xml version="1.0" encoding="UTF-8"?>
<!-- Generated by org.testng.reporters.JUnitXMLReporter -->
<testsuite ignored="0" hostname="kannu" failures="0" tests="5" name="Test" time="0.12" errors="0" timestamp="2023-07-18T16:00:27 IST">
  <testcase classname="demo.TestNgRetryFailedDemo" name="test1" time="0.017"/>
  <testcase classname="demo.TestNgRetryFailedDemo" name="test2" time="0.002"/>
  <testcase classname="demo.TestNgRetryFailedDemo" name="test3" time="0.001"/>
  <testcase classname="demo.TestNgRetryFailedDemo" name="test4" time="0.009"/>
  <testcase classname="demo.TestNgRetryFailedDemo" name="test5" time="0.002"/>
</testsuite> <!-- Test -->
