<?xml version="1.0" encoding="UTF-8"?>
<!-- Generated by org.testng.reporters.JUnitXMLReporter -->
<testsuite ignored="4" hostname="kannu" failures="0" tests="1" name="Test(failed)" time="0.079" errors="0" timestamp="2023-07-18T16:03:42 IST">
  <testcase classname="demo.TestNgRetryFailedDemo" name="test4" time="0.017"/>
  <testcase classname="demo.TestNgRetryFailedDemo" name="test3" time="0.0">
    <ignored/>
  </testcase> <!-- test3 -->
  <testcase classname="demo.TestNgRetryFailedDemo" name="test2" time="0.0">
    <ignored/>
  </testcase> <!-- test2 -->
  <testcase classname="demo.TestNgRetryFailedDemo" name="test5" time="0.0">
    <ignored/>
  </testcase> <!-- test5 -->
  <testcase classname="demo.TestNgRetryFailedDemo" name="test1" time="0.0">
    <ignored/>
  </testcase> <!-- test1 -->
</testsuite> <!-- Test(failed) -->
